<?xml version="1.0" encoding="UTF-8"?>
<!-- Generated by org.testng.reporters.JUnitXMLReporter -->
<testsuite hostname="Anand-PC" ignored="2" name="purchase products test validations" tests="1" failures="0" timestamp="15 Oct 2018 17:59:35 GMT" time="12.306" errors="0">
  <testcase name="proceedOrderWithoutEmailOrPwd" time="12.206" classname="ca.amazon.test.scripts.PurchaseProducts"/>
  <testcase name="@BeforeSuite setUp" time="0.0" classname="ca.amazon.framework.scripts.TestBase">
    <ignored/>
  </testcase> <!-- @BeforeSuite setUp -->
  <testcase name="@AfterSuite tearDown" time="0.0" classname="ca.amazon.framework.scripts.TestBase">
    <ignored/>
  </testcase> <!-- @AfterSuite tearDown -->
</testsuite> <!-- purchase products test validations -->
